
> api@0.1.0 develop
> strapi develop

- Cleaning dist dir /Users/zsolt.ienei/Documents/Projects/todo-bmad/app/api/dist
✔ Cleaning dist dir (4ms)
- Loading Strapi
[2025-10-14 13:08:23.133] [33mwarn[39m: admin.auth.options.expiresIn is deprecated and will be removed in Strapi 6. Please configure admin.auth.sessions.maxRefreshTokenLifespan and admin.auth.sessions.maxSessionLifespan.
- Building build context

[INFO] Including the following ENV variables as part of the JS bundle:
    - ADMIN_PATH
    - STRAPI_ADMIN_BACKEND_URL
    - STRAPI_TELEMETRY_DISABLED
    - STRAPI_AI_URL
    - STRAPI_ANALYTICS_URL
✔ Building build context (30ms)
- Creating admin
✔ Creating admin (147ms)
✔ Loading Strapi (544ms)
- Generating types
✔ Generating types (95ms)
- Compiling TS
- Cleaning dist dir /Users/zsolt.ienei/Documents/Projects/todo-bmad/app/api/dist
✔ Cleaning dist dir (2ms)
✔ Compiling TS (729ms)

 Project information

┌────────────────────┬──────────────────────────────────────────────────┐
│ Time               │ Tue Oct 14 2025 13:08:24 GMT+0300 (Eastern Euro… │
│ Launched in        │ 1372 ms                                          │
│ Environment        │ development                                      │
│ Process PID        │ 25064                                            │
│ Version            │ 5.27.0 (node v22.14.0)                           │
│ Edition            │ Community                                        │
│ Database           │ sqlite                                           │
│ Database name      │ .tmp/data.db                                     │
└────────────────────┴──────────────────────────────────────────────────┘

 Actions available

Welcome back!
To access the server ⚡️, go to:
http://localhost:1337

[2025-10-14 13:08:24.178] [32minfo[39m: Strapi started successfully
[2025-10-14 13:08:24.689] [32mhttp[39m: GET /api/todos (12 ms) 200
[2025-10-14 13:08:43.172] [32mhttp[39m: GET /admin/content-manager/collection-types/api::todo.todo?page=1&pageSize=10&sort=title:ASC (18 ms) 200
[2025-10-14 13:08:44.231] [32mhttp[39m: GET /admin/content-manager/collection-types/api::todo.todo?page=1&pageSize=10&sort=title:ASC (6 ms) 200
[2025-10-14 13:08:44.363] [32mhttp[39m: GET /admin/project-type (2 ms) 200
[2025-10-14 13:08:44.399] [32mhttp[39m: GET /admin/init (6 ms) 200
[2025-10-14 13:08:44.412] [32mhttp[39m: GET /admin/users/me (12 ms) 200
[2025-10-14 13:08:44.420] [32mhttp[39m: GET /admin/users/me/permissions (19 ms) 200
[2025-10-14 13:08:44.431] [32mhttp[39m: GET /admin/information (10 ms) 200
[2025-10-14 13:08:44.432] [32mhttp[39m: GET /admin/telemetry-properties (10 ms) 200
[2025-10-14 13:08:44.451] [32mhttp[39m: GET /admin/guided-tour-meta (6 ms) 200
[2025-10-14 13:08:44.456] [32mhttp[39m: GET /content-manager/init (4 ms) 200
[2025-10-14 13:08:44.465] [32mhttp[39m: GET /content-manager/content-types-settings (9 ms) 200
[2025-10-14 13:08:44.467] [32mhttp[39m: GET /admin/license-limit-information (16 ms) 200
[2025-10-14 13:08:44.494] [32mhttp[39m: GET /content-manager/init (5 ms) 200
[2025-10-14 13:08:44.508] [32mhttp[39m: GET /content-manager/content-types/api::todo.todo/configuration (4 ms) 200
[2025-10-14 13:08:44.518] [32mhttp[39m: GET /content-manager/collection-types/api::todo.todo?page=1&pageSize=10&sort=title%3AASC (10 ms) 200
[2025-10-14 13:08:44.554] [32mhttp[39m: GET /i18n/locales (5 ms) 200
[2025-10-14 13:08:49.399] [32mhttp[39m: GET /admin/content-manager/collection-types/api::todo.todo?page=1&pageSize=10&sort=title:ASC (5 ms) 200
[2025-10-14 13:08:49.476] [32mhttp[39m: GET /admin/project-type (1 ms) 200
[2025-10-14 13:08:49.504] [32mhttp[39m: GET /admin/init (3 ms) 200
[2025-10-14 13:08:49.513] [32mhttp[39m: GET /admin/users/me (8 ms) 200
[2025-10-14 13:08:49.519] [32mhttp[39m: GET /admin/users/me/permissions (13 ms) 200
[2025-10-14 13:08:49.529] [32mhttp[39m: GET /admin/information (9 ms) 200
[2025-10-14 13:08:49.529] [32mhttp[39m: GET /admin/telemetry-properties (9 ms) 200
[2025-10-14 13:08:49.546] [32mhttp[39m: GET /admin/guided-tour-meta (4 ms) 200
[2025-10-14 13:08:49.551] [32mhttp[39m: GET /content-manager/init (4 ms) 200
[2025-10-14 13:08:49.557] [32mhttp[39m: GET /content-manager/content-types-settings (6 ms) 200
[2025-10-14 13:08:49.559] [32mhttp[39m: GET /admin/license-limit-information (12 ms) 200
[2025-10-14 13:08:49.581] [32mhttp[39m: GET /content-manager/init (3 ms) 200
[2025-10-14 13:08:49.590] [32mhttp[39m: GET /content-manager/content-types/api::todo.todo/configuration (4 ms) 200
[2025-10-14 13:08:49.598] [32mhttp[39m: GET /content-manager/collection-types/api::todo.todo?page=1&pageSize=10&sort=title%3AASC (8 ms) 200
[2025-10-14 13:08:49.640] [32mhttp[39m: GET /i18n/locales (3 ms) 200
[2025-10-14 13:08:50.044] [32mhttp[39m: GET /admin/content-manager/collection-types/api::todo.todo?page=1&pageSize=10&sort=title:ASC (3 ms) 200
[2025-10-14 13:08:50.111] [32mhttp[39m: GET /admin/project-type (2 ms) 200
[2025-10-14 13:08:50.140] [32mhttp[39m: GET /admin/init (4 ms) 200
[2025-10-14 13:08:50.149] [32mhttp[39m: GET /admin/users/me (9 ms) 200
[2025-10-14 13:08:50.155] [32mhttp[39m: GET /admin/users/me/permissions (13 ms) 200
[2025-10-14 13:08:50.164] [32mhttp[39m: GET /admin/information (8 ms) 200
[2025-10-14 13:08:50.165] [32mhttp[39m: GET /admin/telemetry-properties (9 ms) 200
[2025-10-14 13:08:50.182] [32mhttp[39m: GET /admin/guided-tour-meta (4 ms) 200
[2025-10-14 13:08:50.186] [32mhttp[39m: GET /content-manager/init (3 ms) 200
[2025-10-14 13:08:50.192] [32mhttp[39m: GET /content-manager/content-types-settings (6 ms) 200
[2025-10-14 13:08:50.193] [32mhttp[39m: GET /admin/license-limit-information (11 ms) 200
[2025-10-14 13:08:50.217] [32mhttp[39m: GET /content-manager/init (4 ms) 200
[2025-10-14 13:08:50.225] [32mhttp[39m: GET /content-manager/content-types/api::todo.todo/configuration (4 ms) 200
[2025-10-14 13:08:50.232] [32mhttp[39m: GET /content-manager/collection-types/api::todo.todo?page=1&pageSize=10&sort=title%3AASC (7 ms) 200
[2025-10-14 13:08:50.275] [32mhttp[39m: GET /i18n/locales (3 ms) 200
[2025-10-14 13:08:50.577] [32mhttp[39m: GET /admin/content-manager/collection-types/api::todo.todo?page=1&pageSize=10&sort=title:ASC (3 ms) 200
[2025-10-14 13:08:50.643] [32mhttp[39m: GET /admin/project-type (2 ms) 200
[2025-10-14 13:08:50.669] [32mhttp[39m: GET /admin/init (4 ms) 200
[2025-10-14 13:08:50.675] [32mhttp[39m: GET /admin/users/me (6 ms) 200
[2025-10-14 13:08:50.680] [32mhttp[39m: GET /admin/users/me/permissions (9 ms) 200
[2025-10-14 13:08:50.689] [32mhttp[39m: GET /admin/information (8 ms) 200
[2025-10-14 13:08:50.689] [32mhttp[39m: GET /admin/telemetry-properties (8 ms) 200
[2025-10-14 13:08:50.707] [32mhttp[39m: GET /admin/guided-tour-meta (5 ms) 200
[2025-10-14 13:08:50.711] [32mhttp[39m: GET /content-manager/init (3 ms) 200
[2025-10-14 13:08:50.718] [32mhttp[39m: GET /content-manager/content-types-settings (7 ms) 200
[2025-10-14 13:08:50.719] [32mhttp[39m: GET /admin/license-limit-information (12 ms) 200
[2025-10-14 13:08:50.741] [32mhttp[39m: GET /content-manager/init (3 ms) 200
[2025-10-14 13:08:50.751] [32mhttp[39m: GET /content-manager/content-types/api::todo.todo/configuration (4 ms) 200
[2025-10-14 13:08:50.760] [32mhttp[39m: GET /content-manager/collection-types/api::todo.todo?page=1&pageSize=10&sort=title%3AASC (8 ms) 200
[2025-10-14 13:08:50.794] [32mhttp[39m: GET /i18n/locales (3 ms) 200
[2025-10-14 13:08:51.080] [32mhttp[39m: GET /admin/content-manager/collection-types/api::todo.todo?page=1&pageSize=10&sort=title:ASC (5 ms) 200
[2025-10-14 13:08:51.152] [32mhttp[39m: GET /admin/project-type (1 ms) 200
[2025-10-14 13:08:51.177] [32mhttp[39m: GET /admin/init (3 ms) 200
[2025-10-14 13:08:51.184] [32mhttp[39m: GET /admin/users/me (6 ms) 200
[2025-10-14 13:08:51.188] [32mhttp[39m: GET /admin/users/me/permissions (9 ms) 200
[2025-10-14 13:08:51.194] [32mhttp[39m: GET /admin/information (6 ms) 200
[2025-10-14 13:08:51.195] [32mhttp[39m: GET /admin/telemetry-properties (6 ms) 200
[2025-10-14 13:08:51.211] [32mhttp[39m: GET /admin/guided-tour-meta (3 ms) 200
[2025-10-14 13:08:51.214] [32mhttp[39m: GET /content-manager/init (2 ms) 200
[2025-10-14 13:08:51.220] [32mhttp[39m: GET /content-manager/content-types-settings (6 ms) 200
[2025-10-14 13:08:51.221] [32mhttp[39m: GET /admin/license-limit-information (10 ms) 200
[2025-10-14 13:08:51.242] [32mhttp[39m: GET /content-manager/init (3 ms) 200
[2025-10-14 13:08:51.252] [32mhttp[39m: GET /content-manager/content-types/api::todo.todo/configuration (5 ms) 200
[2025-10-14 13:08:51.260] [32mhttp[39m: GET /content-manager/collection-types/api::todo.todo?page=1&pageSize=10&sort=title%3AASC (8 ms) 200
[2025-10-14 13:08:51.294] [32mhttp[39m: GET /i18n/locales (4 ms) 200
[2025-10-14 13:09:09.992] [32mhttp[39m: GET /api/todos?sort=createdAt:desc (10 ms) 200
[2025-10-14 13:09:34.911] [32mhttp[39m: GET /api/todos?sort=createdAt:desc (4 ms) 200
[2025-10-14 13:09:35.733] [32mhttp[39m: OPTIONS /api/todos/8 (0 ms) 204
[2025-10-14 13:09:35.749] [32mhttp[39m: PUT /api/todos/8 (13 ms) 404
[2025-10-14 13:09:35.775] [32mhttp[39m: GET /api/todos?sort=createdAt:desc (8 ms) 200
[2025-10-14 13:09:37.050] [32mhttp[39m: PUT /api/todos/8 (7 ms) 404
[2025-10-14 13:09:37.107] [32mhttp[39m: GET /api/todos?sort=createdAt:desc (7 ms) 200
[2025-10-14 13:09:37.575] [32mhttp[39m: PUT /api/todos/8 (3 ms) 404
[2025-10-14 13:09:37.627] [32mhttp[39m: GET /api/todos?sort=createdAt:desc (5 ms) 200
[2025-10-14 13:09:37.817] [32mhttp[39m: PUT /api/todos/8 (6 ms) 404
[2025-10-14 13:09:37.864] [32mhttp[39m: GET /api/todos?sort=createdAt:desc (8 ms) 200
[2025-10-14 13:09:37.992] [32mhttp[39m: PUT /api/todos/8 (4 ms) 404
[2025-10-14 13:09:38.004] [32mhttp[39m: GET /api/todos?sort=createdAt:desc (8 ms) 200
[2025-10-14 13:09:40.224] [32mhttp[39m: GET /api/todos?sort=createdAt:desc (5 ms) 200
[2025-10-14 13:09:42.171] [32mhttp[39m: OPTIONS /api/todos/2 (0 ms) 204
[2025-10-14 13:09:42.178] [32mhttp[39m: PUT /api/todos/2 (5 ms) 404
[2025-10-14 13:09:42.212] [32mhttp[39m: GET /api/todos?sort=createdAt:desc (8 ms) 200
[2025-10-14 13:09:46.257] [32mhttp[39m: DELETE /api/todos/2 (3 ms) 204
[2025-10-14 13:09:47.489] [32mhttp[39m: DELETE /api/todos/2 (3 ms) 204
[2025-10-14 13:09:50.154] [32mhttp[39m: OPTIONS /api/todos (1 ms) 204
[2025-10-14 13:09:50.174] [32mhttp[39m: POST /api/todos (18 ms) 201
[2025-10-14 13:09:50.183] [32mhttp[39m: GET /api/todos?sort=createdAt:desc (5 ms) 200
[2025-10-14 13:09:53.383] [32mhttp[39m: POST /api/todos (13 ms) 201
[2025-10-14 13:09:53.392] [32mhttp[39m: GET /api/todos?sort=createdAt:desc (5 ms) 200
[2025-10-14 13:09:54.907] [32mhttp[39m: POST /api/todos (11 ms) 201
[2025-10-14 13:09:54.914] [32mhttp[39m: GET /api/todos?sort=createdAt:desc (4 ms) 200
[2025-10-14 13:10:29.746] [32mhttp[39m: GET /api/todos?sort=createdAt:desc (5 ms) 200
[2025-10-14 13:11:07.520] [32mhttp[39m: GET /api/todos?sort=createdAt:desc (5 ms) 200
[2025-10-14 13:12:14.764] [32mhttp[39m: GET /api/todos?sort=createdAt:desc (11 ms) 200
[2025-10-14 13:12:19.725] [32mhttp[39m: GET /api/todos?sort=createdAt:desc (10 ms) 200
[2025-10-14 13:12:20.965] [32mhttp[39m: OPTIONS /api/todos/14 (0 ms) 204
[2025-10-14 13:12:20.970] [32mhttp[39m: PUT /api/todos/14 (4 ms) 404
[2025-10-14 13:12:21.011] [32mhttp[39m: GET /api/todos?sort=createdAt:desc (4 ms) 200
[2025-10-14 13:12:49.962] [32mhttp[39m: GET /api/todos?sort=createdAt:desc (5 ms) 200
[2025-10-14 13:12:50.596] [32mhttp[39m: OPTIONS /api/todos/2 (1 ms) 204
[2025-10-14 13:12:50.601] [32mhttp[39m: PUT /api/todos/2 (4 ms) 404
[2025-10-14 13:12:50.644] [32mhttp[39m: GET /api/todos?sort=createdAt:desc (5 ms) 200
[2025-10-14 13:12:52.134] [32mhttp[39m: PUT /api/todos/2 (5 ms) 404
[2025-10-14 13:12:52.203] [32mhttp[39m: GET /api/todos?sort=createdAt:desc (4 ms) 200
[2025-10-14 13:12:52.834] [32mhttp[39m: PUT /api/todos/2 (5 ms) 404
[2025-10-14 13:12:52.889] [32mhttp[39m: GET /api/todos?sort=createdAt:desc (3 ms) 200
[2025-10-14 13:13:05.237] [32mhttp[39m: GET /api/todos?sort=createdAt:desc (8 ms) 200
[2025-10-14 13:13:05.894] [32mhttp[39m: GET /api/todos?sort=createdAt:desc (9 ms) 200
[2025-10-14 13:13:07.416] [32mhttp[39m: PUT /api/todos/2 (5 ms) 404
[2025-10-14 13:13:07.460] [32mhttp[39m: GET /api/todos?sort=createdAt:desc (8 ms) 200
[2025-10-14 13:13:20.988] [32mhttp[39m: GET /users-permissions/roles (9 ms) 200
[2025-10-14 13:13:21.760] [32mhttp[39m: GET /users-permissions/routes (11 ms) 200
[2025-10-14 13:13:21.767] [32mhttp[39m: GET /users-permissions/roles/2 (7 ms) 200
[2025-10-14 13:13:21.773] [32mhttp[39m: GET /users-permissions/permissions (5 ms) 200
[2025-10-14 13:13:35.678] [32mhttp[39m: GET /api/todos?sort=createdAt:desc (11 ms) 200
[2025-10-14 13:13:48.234] [32mhttp[39m: GET /content-manager/init (8 ms) 200
[2025-10-14 13:13:50.497] [32mhttp[39m: GET /content-manager/collection-types/api::todo.todo/gv0jrsflu32cgyl5zd6ie5vg? (15 ms) 200
[2025-10-14 13:13:50.529] [32mhttp[39m: GET /content-manager/preview/url/api::todo.todo?documentId=gv0jrsflu32cgyl5zd6ie5vg&locale=&status=published (5 ms) 404
[2025-10-14 13:13:50.541] [32mhttp[39m: GET /content-manager/collection-types/api::todo.todo/gv0jrsflu32cgyl5zd6ie5vg/actions/countDraftRelations? (6 ms) 200
[2025-10-14 13:13:59.502] [32mhttp[39m: GET /api/todos?sort=createdAt:desc (8 ms) 200
[2025-10-14 13:14:01.294] [32mhttp[39m: GET /api/todos?sort=createdAt:desc (5 ms) 200
[2025-10-14 13:14:10.672] [32mhttp[39m: GET /admin/content-manager/collection-types/api::todo.todo?page=1&pageSize=10&sort=title:ASC (6 ms) 200
[2025-10-14 13:14:10.833] [32mhttp[39m: GET /admin/project-type (1 ms) 200
[2025-10-14 13:14:10.896] [32mhttp[39m: GET /admin/init (3 ms) 200
[2025-10-14 13:14:10.904] [32mhttp[39m: GET /admin/users/me (7 ms) 200
[2025-10-14 13:14:10.915] [32mhttp[39m: GET /admin/users/me/permissions (10 ms) 200
[2025-10-14 13:14:10.916] [32mhttp[39m: GET /admin/information (11 ms) 200
[2025-10-14 13:14:10.920] [32mhttp[39m: GET /admin/telemetry-properties (4 ms) 200
[2025-10-14 13:14:10.938] [32mhttp[39m: GET /admin/guided-tour-meta (4 ms) 200
[2025-10-14 13:14:10.943] [32mhttp[39m: GET /content-manager/init (3 ms) 200
[2025-10-14 13:14:10.950] [32mhttp[39m: GET /content-manager/content-types-settings (7 ms) 200
[2025-10-14 13:14:10.952] [32mhttp[39m: GET /admin/license-limit-information (13 ms) 200
[2025-10-14 13:14:10.986] [32mhttp[39m: GET /content-manager/init (4 ms) 200
[2025-10-14 13:14:10.994] [32mhttp[39m: GET /content-manager/content-types/api::todo.todo/configuration (3 ms) 200
[2025-10-14 13:14:11.002] [32mhttp[39m: GET /content-manager/collection-types/api::todo.todo?page=1&pageSize=10&sort=title%3AASC (8 ms) 200
[2025-10-14 13:14:11.071] [32mhttp[39m: GET /i18n/locales (4 ms) 200
[2025-10-14 13:14:12.013] [32mhttp[39m: GET /admin/content-manager/collection-types/api::todo.todo?page=1&pageSize=10&sort=title:ASC (3 ms) 200
[2025-10-14 13:14:12.083] [32mhttp[39m: GET /admin/project-type (2 ms) 200
[2025-10-14 13:14:12.112] [32mhttp[39m: GET /admin/init (3 ms) 200
[2025-10-14 13:14:12.121] [32mhttp[39m: GET /admin/users/me (8 ms) 200
[2025-10-14 13:14:12.127] [32mhttp[39m: GET /admin/users/me/permissions (13 ms) 200
[2025-10-14 13:14:12.137] [32mhttp[39m: GET /admin/information (10 ms) 200
[2025-10-14 13:14:12.137] [32mhttp[39m: GET /admin/telemetry-properties (9 ms) 200
[2025-10-14 13:14:12.155] [32mhttp[39m: GET /admin/guided-tour-meta (5 ms) 200
[2025-10-14 13:14:12.159] [32mhttp[39m: GET /content-manager/init (3 ms) 200
[2025-10-14 13:14:12.166] [32mhttp[39m: GET /content-manager/content-types-settings (6 ms) 200
[2025-10-14 13:14:12.168] [32mhttp[39m: GET /admin/license-limit-information (12 ms) 200
[2025-10-14 13:14:12.190] [32mhttp[39m: GET /content-manager/init (3 ms) 200
[2025-10-14 13:14:12.201] [32mhttp[39m: GET /content-manager/content-types/api::todo.todo/configuration (5 ms) 200
[2025-10-14 13:14:12.208] [32mhttp[39m: GET /content-manager/collection-types/api::todo.todo?page=1&pageSize=10&sort=title%3AASC (7 ms) 200
[2025-10-14 13:14:12.246] [32mhttp[39m: GET /i18n/locales (3 ms) 200
[2025-10-14 13:14:23.028] [32mhttp[39m: GET /api/todos?sort=createdAt:desc (9 ms) 200
[2025-10-14 13:14:25.117] [32mhttp[39m: OPTIONS /api/todos/8 (0 ms) 204
[2025-10-14 13:14:25.125] [32mhttp[39m: PUT /api/todos/8 (5 ms) 404
[2025-10-14 13:14:25.167] [32mhttp[39m: GET /api/todos?sort=createdAt:desc (8 ms) 200
[2025-10-14 13:14:28.989] [32mhttp[39m: GET /content-manager/collection-types/api::todo.todo/t7xxaxs8fhvu2vr13i5bchqz? (13 ms) 200
[2025-10-14 13:14:29.024] [32mhttp[39m: GET /content-manager/preview/url/api::todo.todo?documentId=t7xxaxs8fhvu2vr13i5bchqz&locale=&status=published (5 ms) 404
[2025-10-14 13:14:29.043] [32mhttp[39m: GET /content-manager/collection-types/api::todo.todo/t7xxaxs8fhvu2vr13i5bchqz/actions/countDraftRelations? (6 ms) 200
[2025-10-14 13:14:35.771] [32mhttp[39m: GET /api/todos?sort=createdAt:desc (8 ms) 200
[2025-10-14 13:15:38.929] [32mhttp[39m: OPTIONS /api/todos/10 (0 ms) 204
[2025-10-14 13:15:38.937] [32mhttp[39m: PUT /api/todos/10 (6 ms) 404
[2025-10-14 13:15:38.977] [32mhttp[39m: GET /api/todos?sort=createdAt:desc (6 ms) 200
[2025-10-14 13:15:38.988] [32mhttp[39m: GET /api/todos?sort=createdAt:desc (8 ms) 200
[2025-10-14 13:15:59.778] [32mhttp[39m: GET /api/todos?sort=createdAt:desc (7 ms) 200
[2025-10-14 13:16:01.082] [32mhttp[39m: GET /api/todos?sort=createdAt:desc (4 ms) 200
[2025-10-14 13:16:02.891] [32mhttp[39m: OPTIONS /api/todos/s66axeyty9mzn8wuvfqnh2qf (0 ms) 204
[2025-10-14 13:16:02.907] [32mhttp[39m: PUT /api/todos/s66axeyty9mzn8wuvfqnh2qf (14 ms) 200
[2025-10-14 13:16:02.932] [32mhttp[39m: GET /api/todos?sort=createdAt:desc (4 ms) 200
[2025-10-14 13:16:08.090] [32mhttp[39m: OPTIONS /api/todos/kpvqf4rudmudyh8myo0d1wxw (0 ms) 204
[2025-10-14 13:16:08.105] [32mhttp[39m: PUT /api/todos/kpvqf4rudmudyh8myo0d1wxw (13 ms) 200
[2025-10-14 13:16:08.144] [32mhttp[39m: GET /api/todos?sort=createdAt:desc (9 ms) 200
[2025-10-14 13:16:10.948] [32mhttp[39m: DELETE /api/todos/s66axeyty9mzn8wuvfqnh2qf (7 ms) 204
[2025-10-14 13:16:12.776] [32mhttp[39m: DELETE /api/todos/s66axeyty9mzn8wuvfqnh2qf (2 ms) 204
[2025-10-14 13:16:18.998] [32mhttp[39m: GET /api/todos?sort=createdAt:desc (8 ms) 200
[2025-10-14 13:16:19.564] [32mhttp[39m: GET /api/todos?sort=createdAt:desc (5 ms) 200
[2025-10-14 13:16:22.514] [32mhttp[39m: DELETE /api/todos/kpvqf4rudmudyh8myo0d1wxw (6 ms) 204
[2025-10-14 13:16:31.318] [32mhttp[39m: GET /api/todos?sort=createdAt:desc (4 ms) 200
[2025-10-14 13:16:34.746] [32mhttp[39m: GET /content-manager/collection-types/api::todo.todo?page=1&pageSize=10&sort=title%3AASC (15 ms) 200
[2025-10-14 13:16:36.173] [32mhttp[39m: GET /admin/content-manager/collection-types/api::todo.todo?page=1&pageSize=10&sort=title%3AASC (2 ms) 200
[2025-10-14 13:16:36.335] [32mhttp[39m: GET /admin/project-type (2 ms) 200
[2025-10-14 13:16:36.390] [32mhttp[39m: GET /admin/init (4 ms) 200
[2025-10-14 13:16:36.397] [32mhttp[39m: GET /admin/users/me (6 ms) 200
[2025-10-14 13:16:36.407] [32mhttp[39m: GET /admin/users/me/permissions (9 ms) 200
[2025-10-14 13:16:36.408] [32mhttp[39m: GET /admin/information (10 ms) 200
[2025-10-14 13:16:36.412] [32mhttp[39m: GET /admin/telemetry-properties (4 ms) 200
[2025-10-14 13:16:36.426] [32mhttp[39m: GET /admin/guided-tour-meta (4 ms) 200
[2025-10-14 13:16:36.431] [32mhttp[39m: GET /content-manager/init (3 ms) 200
[2025-10-14 13:16:36.437] [32mhttp[39m: GET /content-manager/content-types-settings (6 ms) 200
[2025-10-14 13:16:36.438] [32mhttp[39m: GET /admin/license-limit-information (11 ms) 200
[2025-10-14 13:16:36.468] [32mhttp[39m: GET /content-manager/init (5 ms) 200
[2025-10-14 13:16:36.478] [32mhttp[39m: GET /content-manager/content-types/api::todo.todo/configuration (3 ms) 200
[2025-10-14 13:16:36.485] [32mhttp[39m: GET /content-manager/collection-types/api::todo.todo?page=1&pageSize=10&sort=title%3AASC (6 ms) 200
[2025-10-14 13:16:36.521] [32mhttp[39m: GET /i18n/locales (3 ms) 200
[2025-10-14 13:16:39.919] [32mhttp[39m: GET /api/todos?sort=createdAt:desc (8 ms) 200
[2025-10-14 13:17:08.154] [32mhttp[39m: GET /api/todos?sort=createdAt:desc (5 ms) 200
[2025-10-14 13:19:16.299] [32mhttp[39m: GET /api/todos?sort=createdAt:desc (9 ms) 200
[2025-10-14 13:19:19.367] [32mhttp[39m: OPTIONS /api/todos/mdj434dwa97m4qt85jtudebj (1 ms) 204
[2025-10-14 13:19:19.384] [32mhttp[39m: DELETE /api/todos/mdj434dwa97m4qt85jtudebj (15 ms) 204
[2025-10-14 13:20:25.261] [32mhttp[39m: GET /api/todos?sort=createdAt:desc (3 ms) 200
[2025-10-14 13:20:25.273] [32mhttp[39m: GET /api/todos?sort=createdAt:desc (2 ms) 200
[2025-10-14 13:20:25.285] [32mhttp[39m: DELETE /api/todos/t7xxaxs8fhvu2vr13i5bchqz (3 ms) 204
[2025-10-14 13:20:25.302] [32mhttp[39m: GET /api/todos?sort=createdAt:desc (3 ms) 200
[2025-10-14 13:20:25.312] [32mhttp[39m: DELETE /api/todos/6 (1 ms) 204
[2025-10-14 13:21:33.846] [32mhttp[39m: GET /api/todos?sort=createdAt:desc (9 ms) 200
[2025-10-14 13:21:37.795] [32mhttp[39m: OPTIONS /api/todos (0 ms) 204
[2025-10-14 13:21:37.813] [32mhttp[39m: POST /api/todos (15 ms) 201
[2025-10-14 13:21:37.821] [32mhttp[39m: GET /api/todos?sort=createdAt:desc (5 ms) 200
[2025-10-14 13:21:42.428] [32mhttp[39m: OPTIONS /api/todos/twbuhrzie9ogwxidrctpx7rq (0 ms) 204
[2025-10-14 13:21:42.442] [32mhttp[39m: PUT /api/todos/twbuhrzie9ogwxidrctpx7rq (12 ms) 200
[2025-10-14 13:21:42.465] [32mhttp[39m: GET /api/todos?sort=createdAt:desc (4 ms) 200
[2025-10-14 13:21:44.539] [32mhttp[39m: DELETE /api/todos/twbuhrzie9ogwxidrctpx7rq (6 ms) 204
[2025-10-14 13:22:00.367] [32mhttp[39m: GET /api/todos?sort=createdAt:desc (4 ms) 200
[2025-10-14 13:22:01.045] [32mhttp[39m: GET /api/todos?sort=createdAt:desc (5 ms) 200
[2025-10-14 13:22:04.133] [32mhttp[39m: OPTIONS /api/todos/gv0jrsflu32cgyl5zd6ie5vg (1 ms) 204
[2025-10-14 13:22:04.143] [32mhttp[39m: DELETE /api/todos/gv0jrsflu32cgyl5zd6ie5vg (6 ms) 204
[2025-10-14 13:22:08.698] [32mhttp[39m: GET /api/todos?sort=createdAt:desc (4 ms) 200
[2025-10-14 13:22:20.455] [32mhttp[39m: GET /admin/content-manager/collection-types/api::todo.todo?page=1&pageSize=10&sort=title%3AASC (4 ms) 200
[2025-10-14 13:22:20.637] [32mhttp[39m: GET /admin/project-type (0 ms) 200
[2025-10-14 13:22:20.704] [32mhttp[39m: GET /admin/init (4 ms) 200
[2025-10-14 13:22:20.709] [32mhttp[39m: GET /admin/users/me (5 ms) 200
[2025-10-14 13:22:20.715] [32mhttp[39m: GET /admin/users/me/permissions (5 ms) 200
[2025-10-14 13:22:20.723] [32mhttp[39m: GET /admin/information (8 ms) 200
[2025-10-14 13:22:20.724] [32mhttp[39m: GET /admin/telemetry-properties (8 ms) 200
[2025-10-14 13:22:20.749] [32mhttp[39m: GET /admin/guided-tour-meta (5 ms) 200
[2025-10-14 13:22:20.754] [32mhttp[39m: GET /content-manager/init (4 ms) 200
[2025-10-14 13:22:20.762] [32mhttp[39m: GET /content-manager/content-types-settings (7 ms) 200
[2025-10-14 13:22:20.763] [32mhttp[39m: GET /admin/license-limit-information (13 ms) 200
[2025-10-14 13:22:20.804] [32mhttp[39m: GET /content-manager/init (7 ms) 200
[2025-10-14 13:22:20.816] [32mhttp[39m: GET /content-manager/content-types/api::todo.todo/configuration (5 ms) 200
[2025-10-14 13:22:20.822] [32mhttp[39m: GET /content-manager/collection-types/api::todo.todo?page=1&pageSize=10&sort=title%3AASC (6 ms) 200
[2025-10-14 13:22:20.863] [32mhttp[39m: GET /i18n/locales (3 ms) 200
[2025-10-14 13:22:27.271] [32mhttp[39m: GET /api/todos?sort=createdAt:desc (8 ms) 200
[2025-10-14 13:22:29.783] [32mhttp[39m: POST /api/todos (14 ms) 201
[2025-10-14 13:22:29.791] [32mhttp[39m: GET /api/todos?sort=createdAt:desc (4 ms) 200
[2025-10-14 13:22:31.126] [32mhttp[39m: OPTIONS /api/todos/fog534wl05vw200mbkdws1ep (0 ms) 204
[2025-10-14 13:22:31.139] [32mhttp[39m: PUT /api/todos/fog534wl05vw200mbkdws1ep (11 ms) 200
[2025-10-14 13:22:31.153] [32mhttp[39m: GET /api/todos?sort=createdAt:desc (5 ms) 200
[2025-10-14 13:22:31.798] [32mhttp[39m: PUT /api/todos/fog534wl05vw200mbkdws1ep (14 ms) 200
[2025-10-14 13:22:31.817] [32mhttp[39m: GET /api/todos?sort=createdAt:desc (4 ms) 200
[2025-10-14 13:22:33.651] [32mhttp[39m: DELETE /api/todos/fog534wl05vw200mbkdws1ep (7 ms) 204
[2025-10-14 13:22:33.681] [32mhttp[39m: GET /api/todos?sort=createdAt:desc (5 ms) 200
[2025-10-14 13:22:36.477] [32mhttp[39m: OPTIONS /api/todos/y9tx94xj3opv0kvmjtcxs042 (1 ms) 204
[2025-10-14 13:22:36.489] [32mhttp[39m: PUT /api/todos/y9tx94xj3opv0kvmjtcxs042 (11 ms) 200
[2025-10-14 13:22:36.505] [32mhttp[39m: GET /api/todos?sort=createdAt:desc (5 ms) 200
[2025-10-14 13:22:37.115] [32mhttp[39m: OPTIONS /api/todos/v5gu1lps8alsqnrjnmqzce8r (1 ms) 204
[2025-10-14 13:22:37.131] [32mhttp[39m: PUT /api/todos/v5gu1lps8alsqnrjnmqzce8r (14 ms) 200
[2025-10-14 13:22:37.142] [32mhttp[39m: GET /api/todos?sort=createdAt:desc (3 ms) 200
[2025-10-14 13:22:37.661] [32mhttp[39m: PUT /api/todos/y9tx94xj3opv0kvmjtcxs042 (12 ms) 200
[2025-10-14 13:22:37.678] [32mhttp[39m: GET /api/todos?sort=createdAt:desc (6 ms) 200
[2025-10-14 13:22:38.175] [32mhttp[39m: PUT /api/todos/v5gu1lps8alsqnrjnmqzce8r (12 ms) 200
[2025-10-14 13:22:38.192] [32mhttp[39m: GET /api/todos?sort=createdAt:desc (4 ms) 200
[2025-10-14 13:22:38.744] [32mhttp[39m: PUT /api/todos/y9tx94xj3opv0kvmjtcxs042 (11 ms) 200
[2025-10-14 13:22:38.761] [32mhttp[39m: GET /api/todos?sort=createdAt:desc (5 ms) 200
[2025-10-14 13:22:39.329] [32mhttp[39m: PUT /api/todos/v5gu1lps8alsqnrjnmqzce8r (13 ms) 200
[2025-10-14 13:22:39.343] [32mhttp[39m: GET /api/todos?sort=createdAt:desc (3 ms) 200
[2025-10-14 13:22:39.828] [32mhttp[39m: PUT /api/todos/y9tx94xj3opv0kvmjtcxs042 (14 ms) 200
[2025-10-14 13:22:39.841] [32mhttp[39m: GET /api/todos?sort=createdAt:desc (3 ms) 200
[2025-10-14 13:22:40.329] [32mhttp[39m: PUT /api/todos/v5gu1lps8alsqnrjnmqzce8r (13 ms) 200
[2025-10-14 13:22:40.344] [32mhttp[39m: GET /api/todos?sort=createdAt:desc (5 ms) 200
[2025-10-14 13:22:49.285] [32mhttp[39m: GET /api/todos?sort=createdAt:desc (3 ms) 200
[2025-10-14 13:22:49.932] [32mhttp[39m: GET /api/todos?sort=createdAt:desc (4 ms) 200
[2025-10-14 13:23:27.603] [32mhttp[39m: GET /api/todos?sort=createdAt:desc (4 ms) 200
[2025-10-14 13:23:28.263] [32mhttp[39m: GET /api/todos?sort=createdAt:desc (6 ms) 200
[2025-10-14 13:23:31.505] [32mhttp[39m: PUT /api/todos/y9tx94xj3opv0kvmjtcxs042 (10 ms) 200
[2025-10-14 13:23:31.522] [32mhttp[39m: GET /api/todos?sort=createdAt:desc (3 ms) 200
[2025-10-14 13:23:32.162] [32mhttp[39m: PUT /api/todos/v5gu1lps8alsqnrjnmqzce8r (10 ms) 200
[2025-10-14 13:23:32.177] [32mhttp[39m: GET /api/todos?sort=createdAt:desc (5 ms) 200
[2025-10-14 13:23:32.756] [32mhttp[39m: PUT /api/todos/y9tx94xj3opv0kvmjtcxs042 (10 ms) 200
[2025-10-14 13:23:32.768] [32mhttp[39m: GET /api/todos?sort=createdAt:desc (4 ms) 200
[2025-10-14 13:23:33.337] [32mhttp[39m: PUT /api/todos/v5gu1lps8alsqnrjnmqzce8r (12 ms) 200
[2025-10-14 13:23:33.351] [32mhttp[39m: GET /api/todos?sort=createdAt:desc (4 ms) 200
[2025-10-14 13:23:35.543] [32mhttp[39m: POST /api/todos (13 ms) 201
[2025-10-14 13:23:35.555] [32mhttp[39m: GET /api/todos?sort=createdAt:desc (8 ms) 200
[2025-10-14 13:29:04.747] [32mhttp[39m: GET /api/todos?sort=createdAt:desc (6 ms) 200
[2025-10-14 13:30:17.713] [32mhttp[39m: GET /api/todos?sort=createdAt:desc (30 ms) 200
[2025-10-14 13:30:20.089] [32mhttp[39m: GET /api/todos?sort=createdAt:desc (6 ms) 200
[2025-10-14 13:30:21.574] [32mhttp[39m: OPTIONS /api/todos/k7uimdabzzuuz2su0ueaztc6 (1 ms) 204
[2025-10-14 13:30:21.585] [32mhttp[39m: PUT /api/todos/k7uimdabzzuuz2su0ueaztc6 (10 ms) 200
[2025-10-14 13:30:21.600] [32mhttp[39m: GET /api/todos?sort=createdAt:desc (5 ms) 200
[2025-10-14 13:30:22.159] [32mhttp[39m: PUT /api/todos/k7uimdabzzuuz2su0ueaztc6 (10 ms) 200
[2025-10-14 13:30:22.175] [32mhttp[39m: GET /api/todos?sort=createdAt:desc (4 ms) 200
[2025-10-14 13:30:24.437] [32mhttp[39m: DELETE /api/todos/k7uimdabzzuuz2su0ueaztc6 (9 ms) 204
[2025-10-14 13:30:24.466] [32mhttp[39m: GET /api/todos?sort=createdAt:desc (4 ms) 200
[2025-10-14 13:46:50.565] [32mhttp[39m: GET /api/todos?sort=createdAt:desc (5 ms) 200
[2025-10-14 13:48:06.380] [32mhttp[39m: GET /api/todos?sort=createdAt:desc (15 ms) 200
[2025-10-14 13:48:11.933] [32mhttp[39m: PUT /api/todos/y9tx94xj3opv0kvmjtcxs042 (14 ms) 200
[2025-10-14 13:48:11.947] [32mhttp[39m: GET /api/todos?sort=createdAt:desc (6 ms) 200
[2025-10-14 13:48:15.849] [32mhttp[39m: GET /admin/content-manager/collection-types/api::todo.todo?page=1&pageSize=10&sort=title%3AASC (9 ms) 200
[2025-10-14 13:48:16.034] [32mhttp[39m: GET /admin/project-type (2 ms) 200
[2025-10-14 13:48:16.101] [32mhttp[39m: GET /admin/init (4 ms) 200
[2025-10-14 13:48:16.106] [32mhttp[39m: GET /admin/users/me (4 ms) 401
[2025-10-14 13:48:16.108] [32mhttp[39m: GET /admin/users/me/permissions (2 ms) 401
[2025-10-14 13:48:16.110] [32mhttp[39m: GET /admin/information (1 ms) 401
[2025-10-14 13:48:16.111] [32mhttp[39m: GET /admin/telemetry-properties (1 ms) 401
[2025-10-14 13:48:16.119] [32mhttp[39m: POST /admin/access-token (7 ms) 200
[2025-10-14 13:48:16.127] [32mhttp[39m: GET /admin/users/me (5 ms) 200
[2025-10-14 13:48:16.134] [32mhttp[39m: GET /admin/users/me/permissions (6 ms) 200
[2025-10-14 13:48:16.138] [32mhttp[39m: GET /admin/information (10 ms) 200
[2025-10-14 13:48:16.161] [32mhttp[39m: GET /admin/guided-tour-meta (5 ms) 200
[2025-10-14 13:48:16.166] [32mhttp[39m: GET /content-manager/init (4 ms) 200
[2025-10-14 13:48:16.174] [32mhttp[39m: GET /content-manager/content-types-settings (7 ms) 200
[2025-10-14 13:48:16.176] [32mhttp[39m: GET /admin/license-limit-information (14 ms) 200
[2025-10-14 13:48:16.209] [32mhttp[39m: GET /content-manager/init (3 ms) 200
[2025-10-14 13:48:16.226] [32mhttp[39m: GET /content-manager/content-types/api::todo.todo/configuration (2 ms) 200
[2025-10-14 13:48:16.232] [32mhttp[39m: GET /content-manager/collection-types/api::todo.todo?page=1&pageSize=10&sort=title%3AASC (5 ms) 200
[2025-10-14 13:48:16.279] [32mhttp[39m: GET /i18n/locales (4 ms) 200
[2025-10-14 13:48:17.712] [32mhttp[39m: GET /api/todos?sort=createdAt:desc (5 ms) 200
[2025-10-14 13:48:24.107] [32mhttp[39m: POST /api/todos (13 ms) 201
[2025-10-14 13:48:24.113] [32mhttp[39m: GET /api/todos?sort=createdAt:desc (4 ms) 200
[2025-10-14 13:48:43.824] [32mhttp[39m: PUT /api/todos/v5gu1lps8alsqnrjnmqzce8r (10 ms) 200
[2025-10-14 13:48:43.835] [32mhttp[39m: GET /api/todos?sort=createdAt:desc (4 ms) 200
[2025-10-14 13:48:44.196] [32mhttp[39m: PUT /api/todos/v5gu1lps8alsqnrjnmqzce8r (11 ms) 200
[2025-10-14 13:48:44.213] [32mhttp[39m: GET /api/todos?sort=createdAt:desc (3 ms) 200
[2025-10-14 13:48:44.853] [32mhttp[39m: PUT /api/todos/v5gu1lps8alsqnrjnmqzce8r (9 ms) 200
[2025-10-14 13:48:44.871] [32mhttp[39m: GET /api/todos?sort=createdAt:desc (3 ms) 200
[2025-10-14 13:48:48.595] [32mhttp[39m: PUT /api/todos/v5gu1lps8alsqnrjnmqzce8r (13 ms) 200
[2025-10-14 13:48:48.613] [32mhttp[39m: GET /api/todos?sort=createdAt:desc (4 ms) 200
[2025-10-14 13:55:18.177] [32mhttp[39m: GET /api/todos?sort=createdAt:desc (12 ms) 200
[2025-10-14 13:56:37.096] [32mhttp[39m: GET /api/todos?sort=createdAt:desc (7 ms) 200
[2025-10-14 14:30:09.283] [32mhttp[39m: GET /api/todos?sort=createdAt:desc (15 ms) 200
[2025-10-14 14:30:10.811] [32mhttp[39m: PUT /api/todos/v5gu1lps8alsqnrjnmqzce8r (14 ms) 200
[2025-10-14 14:30:10.828] [32mhttp[39m: GET /api/todos?sort=createdAt:desc (4 ms) 200
[2025-10-14 14:30:11.266] [32mhttp[39m: PUT /api/todos/v5gu1lps8alsqnrjnmqzce8r (11 ms) 200
[2025-10-14 14:30:11.284] [32mhttp[39m: GET /api/todos?sort=createdAt:desc (4 ms) 200
[2025-10-14 14:30:11.468] [32mhttp[39m: PUT /api/todos/v5gu1lps8alsqnrjnmqzce8r (8 ms) 200
[2025-10-14 14:30:11.487] [32mhttp[39m: GET /api/todos?sort=createdAt:desc (4 ms) 200
[2025-10-14 14:30:11.805] [32mhttp[39m: PUT /api/todos/v5gu1lps8alsqnrjnmqzce8r (11 ms) 200
[2025-10-14 14:30:11.821] [32mhttp[39m: GET /api/todos?sort=createdAt:desc (4 ms) 200
[2025-10-14 14:30:12.667] [32mhttp[39m: PUT /api/todos/v5gu1lps8alsqnrjnmqzce8r (10 ms) 200
[2025-10-14 14:30:12.681] [32mhttp[39m: GET /api/todos?sort=createdAt:desc (4 ms) 200
[2025-10-14 14:31:04.210] [32mhttp[39m: GET /api/todos?sort=createdAt:desc (4 ms) 200
[2025-10-14 14:31:16.442] [32mhttp[39m: GET /api/todos?sort=createdAt:desc (4 ms) 200
[2025-10-14 14:31:18.958] [32mhttp[39m: OPTIONS /api/todos/ve8khnhlp226rhygh21sr903 (1 ms) 204
[2025-10-14 14:31:18.969] [32mhttp[39m: PUT /api/todos/ve8khnhlp226rhygh21sr903 (9 ms) 200
[2025-10-14 14:31:18.997] [32mhttp[39m: GET /api/todos?sort=createdAt:desc (6 ms) 200
[2025-10-14 14:31:19.651] [32mhttp[39m: PUT /api/todos/y9tx94xj3opv0kvmjtcxs042 (10 ms) 200
[2025-10-14 14:31:19.678] [32mhttp[39m: GET /api/todos?sort=createdAt:desc (6 ms) 200
[2025-10-14 14:31:57.081] [32mhttp[39m: GET /api/todos?sort=createdAt:desc (4 ms) 200
[2025-10-14 17:19:31.488] [32mhttp[39m: GET /api/todos?sort=createdAt:desc (16 ms) 200
[2025-10-14 17:55:35.288] [32mhttp[39m: GET /api/todos?sort=createdAt:desc (23 ms) 200
[2025-10-16 11:07:32.919] [32mhttp[39m: GET /api/todos?pagination[page]=1&pagination[pageSize]=25&sort=createdAt:desc (25 ms) 200
[2025-10-16 11:07:39.033] [32mhttp[39m: GET / (13 ms) 302
[2025-10-16 11:07:39.069] [32mhttp[39m: GET /admin (32 ms) 200
[2025-10-16 11:07:39.434] [32mhttp[39m: GET /admin/project-type (1 ms) 200
[2025-10-16 11:07:39.523] [32mhttp[39m: GET /admin/init (3 ms) 200
[2025-10-16 11:07:39.525] [32mhttp[39m: GET /admin/users/me (2 ms) 401
[2025-10-16 11:07:39.526] [32mhttp[39m: GET /admin/users/me/permissions (3 ms) 401
[2025-10-16 11:07:39.536] [32mhttp[39m: GET /admin/information (1 ms) 401
[2025-10-16 11:07:39.537] [32mhttp[39m: GET /admin/telemetry-properties (1 ms) 401
[2025-10-16 11:07:39.538] [32mhttp[39m: POST /admin/access-token (1 ms) 401
[2025-10-16 11:07:39.541] [32mhttp[39m: POST /admin/logout (1 ms) 401
[2025-10-16 11:07:39.542] [32mhttp[39m: POST /admin/logout (1 ms) 401
[2025-10-16 11:07:39.542] [32mhttp[39m: POST /admin/logout (1 ms) 401
[2025-10-16 11:07:39.550] [32mhttp[39m: GET /admin/auth/login (2 ms) 200
[2025-10-16 11:07:39.624] [32mhttp[39m: GET /admin/project-type (1 ms) 200
[2025-10-16 11:07:39.672] [32mhttp[39m: GET /admin/init (3 ms) 200
[2025-10-16 11:07:43.289] [32mhttp[39m: POST /admin/login (91 ms) 200
[2025-10-16 11:07:43.309] [32mhttp[39m: GET /admin/users/me (8 ms) 200
[2025-10-16 11:07:43.315] [32mhttp[39m: GET /admin/users/me/permissions (6 ms) 200
[2025-10-16 11:07:43.323] [32mhttp[39m: GET /admin/telemetry-properties (13 ms) 200
[2025-10-16 11:07:43.323] [32mhttp[39m: GET /admin/information (4 ms) 200
[2025-10-16 11:07:43.356] [32mhttp[39m: GET /admin/guided-tour-meta (6 ms) 200
[2025-10-16 11:07:43.359] [32mhttp[39m: GET /admin/license-limit-information (2 ms) 200
[2025-10-16 11:07:43.409] [32mhttp[39m: GET /content-manager/homepage/recent-documents?action=update (7 ms) 200
[2025-10-16 11:07:43.415] [32mhttp[39m: GET /content-manager/homepage/recent-documents?action=publish (6 ms) 200
[2025-10-16 11:07:43.420] [32mhttp[39m: GET /content-manager/homepage/count-documents (4 ms) 200
[2025-10-16 11:07:43.424] [32mhttp[39m: GET /admin/homepage/key-statistics (9 ms) 200
[2025-10-16 11:07:45.627] [32mhttp[39m: GET /content-manager/init (7 ms) 200
[2025-10-16 11:07:45.635] [32mhttp[39m: GET /content-manager/content-types-settings (7 ms) 200
[2025-10-16 11:07:45.685] [32mhttp[39m: GET /content-manager/init (3 ms) 200
[2025-10-16 11:07:45.705] [32mhttp[39m: GET /content-manager/content-types/api::todo.todo/configuration (4 ms) 200
[2025-10-16 11:07:45.711] [32mhttp[39m: GET /content-manager/collection-types/api::todo.todo?page=1&pageSize=10&sort=title%3AASC (6 ms) 200
[2025-10-16 11:07:45.739] [32mhttp[39m: GET /i18n/locales (2 ms) 200
[2025-10-16 11:08:05.347] [32mhttp[39m: GET /api/todos?pagination[page]=1&pagination[pageSize]=25&sort=createdAt:desc (3 ms) 200
[2025-10-16 11:08:07.947] [32mhttp[39m: GET /api/todos?pagination[page]=1&pagination[pageSize]=25&sort=createdAt:desc (3 ms) 200
[2025-10-16 11:08:10.198] [32mhttp[39m: GET /api/todos?pagination[page]=1&pagination[pageSize]=25&sort=createdAt:desc (3 ms) 200
[2025-10-16 11:08:27.755] [32mhttp[39m: GET /api/todos?pagination[page]=1&pagination[pageSize]=25&sort=createdAt:desc (8 ms) 200
[2025-10-16 11:08:28.290] [32mhttp[39m: GET /api/todos?pagination[page]=1&pagination[pageSize]=25&sort=createdAt:desc (6 ms) 200
[2025-10-16 11:08:38.900] [32mhttp[39m: GET /api/todos?pagination[page]=1&pagination[pageSize]=2&sort=createdAt:desc (3 ms) 200
[2025-10-16 11:08:38.973] [32mhttp[39m: GET /api/todos?pagination[page]=2&pagination[pageSize]=2&sort=createdAt:desc (2 ms) 200
[2025-10-16 11:08:41.213] [32mhttp[39m: GET /api/todos?pagination[page]=1&pagination[pageSize]=2&sort=createdAt:desc (7 ms) 200
[2025-10-16 11:08:41.316] [32mhttp[39m: GET /api/todos?pagination[page]=2&pagination[pageSize]=2&sort=createdAt:desc (2 ms) 200
[2025-10-16 11:08:48.007] [32mhttp[39m: GET /api/todos?pagination[page]=2&pagination[pageSize]=2&sort=createdAt:desc (10 ms) 200
[2025-10-16 11:08:49.361] [32mhttp[39m: GET /api/todos?pagination[page]=1&pagination[pageSize]=2&sort=createdAt:desc (4 ms) 200
[2025-10-16 11:08:49.488] [32mhttp[39m: GET /api/todos?pagination[page]=2&pagination[pageSize]=2&sort=createdAt:desc (6 ms) 200
[2025-10-16 11:08:50.232] [32mhttp[39m: OPTIONS /api/todos/y9tx94xj3opv0kvmjtcxs042 (1 ms) 204
[2025-10-16 11:08:50.246] [32mhttp[39m: PUT /api/todos/y9tx94xj3opv0kvmjtcxs042 (12 ms) 200
[2025-10-16 11:08:50.317] [32mhttp[39m: GET /api/todos?pagination[page]=2&pagination[pageSize]=2&sort=createdAt:desc (7 ms) 200
[2025-10-16 11:08:51.126] [32mhttp[39m: OPTIONS /api/todos/ve8khnhlp226rhygh21sr903 (0 ms) 204
[2025-10-16 11:08:51.138] [32mhttp[39m: PUT /api/todos/ve8khnhlp226rhygh21sr903 (10 ms) 200
[2025-10-16 11:08:51.245] [32mhttp[39m: GET /api/todos?pagination[page]=2&pagination[pageSize]=2&sort=createdAt:desc (2 ms) 200
[2025-10-16 11:08:51.970] [32mhttp[39m: PUT /api/todos/ve8khnhlp226rhygh21sr903 (9 ms) 200
[2025-10-16 11:08:52.059] [32mhttp[39m: GET /api/todos?pagination[page]=2&pagination[pageSize]=2&sort=createdAt:desc (6 ms) 200
[2025-10-16 11:08:52.502] [32mhttp[39m: PUT /api/todos/y9tx94xj3opv0kvmjtcxs042 (11 ms) 200
[2025-10-16 11:08:52.746] [32mhttp[39m: GET /api/todos?pagination[page]=2&pagination[pageSize]=2&sort=createdAt:desc (2 ms) 200
[2025-10-16 11:08:55.523] [32mhttp[39m: GET /api/todos?pagination[page]=1&pagination[pageSize]=2&sort=createdAt:desc (3 ms) 200
[2025-10-16 11:08:55.639] [32mhttp[39m: GET /api/todos?pagination[page]=2&pagination[pageSize]=2&sort=createdAt:desc (7 ms) 200
[2025-10-16 11:08:57.407] [32mhttp[39m: PUT /api/todos/ve8khnhlp226rhygh21sr903 (9 ms) 200
[2025-10-16 11:08:57.491] [32mhttp[39m: GET /api/todos?pagination[page]=2&pagination[pageSize]=2&sort=createdAt:desc (7 ms) 200
[2025-10-16 11:09:10.517] [32mhttp[39m: GET /api/todos?pagination[page]=2&pagination[pageSize]=2&sort=createdAt:desc (4 ms) 200
[2025-10-16 11:09:11.124] [32mhttp[39m: PUT /api/todos/ve8khnhlp226rhygh21sr903 (12 ms) 200
[2025-10-16 11:09:11.232] [32mhttp[39m: GET /api/todos?pagination[page]=2&pagination[pageSize]=2&sort=createdAt:desc (3 ms) 200
[2025-10-16 11:09:17.116] [32mhttp[39m: GET /api/todos?pagination[page]=2&pagination[pageSize]=25&sort=createdAt:desc (3 ms) 200
[2025-10-16 11:09:18.971] [32mhttp[39m: GET /api/todos?pagination[page]=1&pagination[pageSize]=25&sort=createdAt:desc (3 ms) 200
[2025-10-16 11:09:24.472] [32mhttp[39m: GET /api/todos?pagination[page]=1&pagination[pageSize]=25&sort=createdAt:desc (4 ms) 200
[2025-10-16 11:09:31.797] [32mhttp[39m: GET /api/todos?pagination[page]=1&pagination[pageSize]=25&sort=createdAt:desc (8 ms) 200
[2025-10-16 11:09:36.658] [32mhttp[39m: OPTIONS /api/todos (0 ms) 204
[2025-10-16 11:09:36.673] [32mhttp[39m: POST /api/todos (13 ms) 201
[2025-10-16 11:09:36.682] [32mhttp[39m: GET /api/todos?pagination[page]=1&pagination[pageSize]=25&sort=createdAt:desc (5 ms) 200
[2025-10-16 11:10:13.274] [32mhttp[39m: GET /api/todos?pagination[page]=1&pagination[pageSize]=25&sort=createdAt:desc (5 ms) 200
[2025-10-16 11:10:25.315] [32mhttp[39m: GET /api/todos?pagination[page]=1&pagination[pageSize]=25&sort=createdAt:desc (10 ms) 200
[2025-10-16 11:10:35.146] [32mhttp[39m: GET /api/todos?pagination[page]=1&pagination[pageSize]=25&sort=createdAt:desc (4 ms) 200
[2025-10-16 11:10:35.727] [32mhttp[39m: GET /api/todos?pagination[page]=1&pagination[pageSize]=25&sort=createdAt:desc (4 ms) 200
[2025-10-16 11:10:41.693] [32mhttp[39m: GET /api/todos?pagination[page]=1&pagination[pageSize]=25&sort=createdAt:desc (5 ms) 200
[2025-10-16 11:10:43.273] [32mhttp[39m: OPTIONS /api/todos/f7p6xbipp2mrqkgtzl6bmyg6 (1 ms) 204
[2025-10-16 11:10:43.286] [32mhttp[39m: PUT /api/todos/f7p6xbipp2mrqkgtzl6bmyg6 (11 ms) 200
[2025-10-16 11:10:43.349] [32mhttp[39m: GET /api/todos?pagination[page]=1&pagination[pageSize]=25&sort=createdAt:desc (7 ms) 200
[2025-10-16 11:10:44.380] [32mhttp[39m: PUT /api/todos/ve8khnhlp226rhygh21sr903 (11 ms) 200
[2025-10-16 11:10:44.446] [32mhttp[39m: GET /api/todos?pagination[page]=1&pagination[pageSize]=25&sort=createdAt:desc (7 ms) 200
[2025-10-16 11:10:45.255] [32mhttp[39m: PUT /api/todos/ve8khnhlp226rhygh21sr903 (9 ms) 200
[2025-10-16 11:10:45.312] [32mhttp[39m: GET /api/todos?pagination[page]=1&pagination[pageSize]=25&sort=createdAt:desc (5 ms) 200
[2025-10-16 11:10:45.897] [32mhttp[39m: PUT /api/todos/f7p6xbipp2mrqkgtzl6bmyg6 (11 ms) 200
[2025-10-16 11:10:45.956] [32mhttp[39m: GET /api/todos?pagination[page]=1&pagination[pageSize]=25&sort=createdAt:desc (8 ms) 200
[2025-10-16 11:10:51.784] [32mhttp[39m: GET /api/todos?pagination[page]=1&pagination[pageSize]=25&sort=createdAt:desc (7 ms) 200
[2025-10-16 11:10:53.069] [32mhttp[39m: PUT /api/todos/f7p6xbipp2mrqkgtzl6bmyg6 (12 ms) 200
[2025-10-16 11:10:53.124] [32mhttp[39m: GET /api/todos?pagination[page]=1&pagination[pageSize]=25&sort=createdAt:desc (7 ms) 200
[2025-10-16 11:11:36.012] [32mhttp[39m: GET /api/todos?pagination[page]=1&pagination[pageSize]=25&sort=createdAt:desc (4 ms) 200
[2025-10-16 11:11:38.238] [32mhttp[39m: GET /api/todos?pagination%5Bpage%5D=1&pagination%5BpageSize%5D=25&sort=createdAt%3Adesc (3 ms) 200
[2025-10-16 11:17:26.151] [32mhttp[39m: GET /api/todos?pagination%5Bpage%5D=1&pagination%5BpageSize%5D=25&sort=createdAt%3Adesc (20 ms) 200
[2025-10-16 11:17:27.830] [32mhttp[39m: GET /api/todos?pagination[page]=1&pagination[pageSize]=25&sort=createdAt:desc (4 ms) 200
[2025-10-16 11:17:28.681] [32mhttp[39m: GET /api/todos?pagination[page]=1&pagination[pageSize]=25&sort=createdAt:desc (4 ms) 200
[2025-10-16 11:17:29.648] [32mhttp[39m: PUT /api/todos/ve8khnhlp226rhygh21sr903 (16 ms) 200
[2025-10-16 11:17:29.711] [32mhttp[39m: GET /api/todos?pagination[page]=1&pagination[pageSize]=25&sort=createdAt:desc (7 ms) 200
[2025-10-16 11:17:30.664] [32mhttp[39m: PUT /api/todos/f7p6xbipp2mrqkgtzl6bmyg6 (12 ms) 200
[2025-10-16 11:17:30.723] [32mhttp[39m: GET /api/todos?pagination[page]=1&pagination[pageSize]=25&sort=createdAt:desc (6 ms) 200
[2025-10-16 11:17:51.994] [32mhttp[39m: GET /api/todos?pagination[page]=1&pagination[pageSize]=25&sort=createdAt:desc (38 ms) 200
[2025-10-16 11:21:23.244] [32mhttp[39m: GET /api/todos?pagination[page]=1&pagination[pageSize]=25&sort=createdAt:desc (21 ms) 200
